<?xml version="1.0" encoding="UTF-8"?>
<testng-results skipped="0" failed="0" ignored="0" total="8" passed="8">
  <reporter-output>
  </reporter-output>
  <suite name="Default suite" duration-ms="3521" started-at="2019-12-20T00:41:00Z" finished-at="2019-12-20T00:41:03Z">
    <groups>
      <group name="regulartest">
        <method signature="ErgastAPIDriverTests.testDP(java.lang.String, int)[pri:0, instance:com.restapi.automation.ErgastAPIDriverTests@770d3326]" name="testDP" class="com.restapi.automation.ErgastAPIDriverTests"/>
      </group> <!-- regulartest -->
      <group name="RestAPITests">
        <method signature="ErgastAPIDriverTests.testDriverArrayHasNationality()[pri:6, instance:com.restapi.automation.ErgastAPIDriverTests@770d3326]" name="testDriverArrayHasNationality" class="com.restapi.automation.ErgastAPIDriverTests"/>
        <method signature="ErgastAPIDriverTests.testDriverNationality()[pri:5, instance:com.restapi.automation.ErgastAPIDriverTests@770d3326]" name="testDriverNationality" class="com.restapi.automation.ErgastAPIDriverTests"/>
        <method signature="ErgastAPIDriverTests.testDrivers()[pri:4, instance:com.restapi.automation.ErgastAPIDriverTests@770d3326]" name="testDrivers" class="com.restapi.automation.ErgastAPIDriverTests"/>
      </group> <!-- RestAPITests -->
    </groups>
    <test name="Default test" duration-ms="3521" started-at="2019-12-20T00:41:00Z" finished-at="2019-12-20T00:41:03Z">
      <class name="com.restapi.automation.ErgastAPIDriverTests">
        <test-method status="PASS" signature="setup()[pri:0, instance:com.restapi.automation.ErgastAPIDriverTests@770d3326]" name="setup" is-config="true" duration-ms="5" started-at="2019-12-20T00:41:00Z" finished-at="2019-12-20T00:41:00Z">
          <reporter-output>
          </reporter-output>
        </test-method> <!-- setup -->
        <test-method status="PASS" signature="paramsTest(java.lang.String, java.lang.String)[pri:0, instance:com.restapi.automation.ErgastAPIDriverTests@770d3326]" name="paramsTest" duration-ms="4" started-at="2019-12-20T00:41:00Z" finished-at="2019-12-20T00:41:00Z">
          <params>
            <param index="0">
              <value>
                <![CDATA[param-val-not-found]]>
              </value>
            </param>
            <param index="1">
              <value>
                <![CDATA[param-val-not-found]]>
              </value>
            </param>
          </params>
          <reporter-output>
          </reporter-output>
        </test-method> <!-- paramsTest -->
        <test-method status="PASS" signature="testDP(java.lang.String, int)[pri:0, instance:com.restapi.automation.ErgastAPIDriverTests@770d3326]" name="testDP" duration-ms="8" started-at="2019-12-20T00:41:00Z" data-provider="dataProvider1" finished-at="2019-12-20T00:41:00Z">
          <params>
            <param index="0">
              <value>
                <![CDATA[value1]]>
              </value>
            </param>
            <param index="1">
              <value>
                <![CDATA[1]]>
              </value>
            </param>
          </params>
          <reporter-output>
          </reporter-output>
        </test-method> <!-- testDP -->
        <test-method status="PASS" signature="setup()[pri:0, instance:com.restapi.automation.ErgastAPIDriverTests@770d3326]" name="setup" is-config="true" duration-ms="0" started-at="2019-12-20T00:41:00Z" finished-at="2019-12-20T00:41:00Z">
          <reporter-output>
          </reporter-output>
        </test-method> <!-- setup -->
        <test-method status="PASS" signature="setup()[pri:0, instance:com.restapi.automation.ErgastAPIDriverTests@770d3326]" name="setup" is-config="true" duration-ms="1" started-at="2019-12-20T00:41:00Z" finished-at="2019-12-20T00:41:00Z">
          <reporter-output>
          </reporter-output>
        </test-method> <!-- setup -->
        <test-method status="PASS" signature="testDP(java.lang.String, int)[pri:0, instance:com.restapi.automation.ErgastAPIDriverTests@770d3326]" name="testDP" duration-ms="1" started-at="2019-12-20T00:41:00Z" data-provider="dataProvider1" finished-at="2019-12-20T00:41:00Z">
          <params>
            <param index="0">
              <value>
                <![CDATA[value2]]>
              </value>
            </param>
            <param index="1">
              <value>
                <![CDATA[2]]>
              </value>
            </param>
          </params>
          <reporter-output>
          </reporter-output>
        </test-method> <!-- testDP -->
        <test-method status="PASS" signature="testDP(java.lang.String, int)[pri:0, instance:com.restapi.automation.ErgastAPIDriverTests@770d3326]" name="testDP" duration-ms="1" started-at="2019-12-20T00:41:00Z" data-provider="dataProvider1" finished-at="2019-12-20T00:41:00Z">
          <params>
            <param index="0">
              <value>
                <![CDATA[value3]]>
              </value>
            </param>
            <param index="1">
              <value>
                <![CDATA[3]]>
              </value>
            </param>
          </params>
          <reporter-output>
          </reporter-output>
        </test-method> <!-- testDP -->
        <test-method status="PASS" signature="setup()[pri:0, instance:com.restapi.automation.ErgastAPIDriverTests@770d3326]" name="setup" is-config="true" duration-ms="0" started-at="2019-12-20T00:41:00Z" finished-at="2019-12-20T00:41:00Z">
          <reporter-output>
          </reporter-output>
        </test-method> <!-- setup -->
        <test-method status="PASS" signature="setup()[pri:0, instance:com.restapi.automation.ErgastAPIDriverTests@770d3326]" name="setup" is-config="true" duration-ms="0" started-at="2019-12-20T00:41:00Z" finished-at="2019-12-20T00:41:00Z">
          <reporter-output>
          </reporter-output>
        </test-method> <!-- setup -->
        <test-method status="PASS" signature="testDP(java.lang.String, int)[pri:0, instance:com.restapi.automation.ErgastAPIDriverTests@770d3326]" name="testDP" duration-ms="1" started-at="2019-12-20T00:41:00Z" data-provider="dataProvider1" finished-at="2019-12-20T00:41:00Z">
          <params>
            <param index="0">
              <value>
                <![CDATA[value4]]>
              </value>
            </param>
            <param index="1">
              <value>
                <![CDATA[4]]>
              </value>
            </param>
          </params>
          <reporter-output>
          </reporter-output>
        </test-method> <!-- testDP -->
        <test-method status="PASS" signature="testDrivers()[pri:4, instance:com.restapi.automation.ErgastAPIDriverTests@770d3326]" name="testDrivers" duration-ms="2476" started-at="2019-12-20T00:41:00Z" description="847 drivers" finished-at="2019-12-20T00:41:02Z">
          <reporter-output>
          </reporter-output>
        </test-method> <!-- testDrivers -->
        <test-method status="PASS" signature="setup()[pri:0, instance:com.restapi.automation.ErgastAPIDriverTests@770d3326]" name="setup" is-config="true" duration-ms="0" started-at="2019-12-20T00:41:00Z" finished-at="2019-12-20T00:41:00Z">
          <reporter-output>
          </reporter-output>
        </test-method> <!-- setup -->
        <test-method status="PASS" signature="testDriverNationality()[pri:5, instance:com.restapi.automation.ErgastAPIDriverTests@770d3326]" name="testDriverNationality" duration-ms="500" started-at="2019-12-20T00:41:02Z" description="Check driver&#039;s with Nationality Indian" finished-at="2019-12-20T00:41:03Z">
          <reporter-output>
          </reporter-output>
        </test-method> <!-- testDriverNationality -->
        <test-method status="PASS" signature="setup()[pri:0, instance:com.restapi.automation.ErgastAPIDriverTests@770d3326]" name="setup" is-config="true" duration-ms="0" started-at="2019-12-20T00:41:02Z" finished-at="2019-12-20T00:41:02Z">
          <reporter-output>
          </reporter-output>
        </test-method> <!-- setup -->
        <test-method status="PASS" signature="setup()[pri:0, instance:com.restapi.automation.ErgastAPIDriverTests@770d3326]" name="setup" is-config="true" duration-ms="0" started-at="2019-12-20T00:41:03Z" finished-at="2019-12-20T00:41:03Z">
          <reporter-output>
          </reporter-output>
        </test-method> <!-- setup -->
        <test-method status="PASS" signature="testDriverArrayHasNationality()[pri:6, instance:com.restapi.automation.ErgastAPIDriverTests@770d3326]" name="testDriverArrayHasNationality" duration-ms="495" started-at="2019-12-20T00:41:03Z" description="Check from Offset-150 the 1st element of driver&#039;s Array has Nationality Indian" finished-at="2019-12-20T00:41:03Z">
          <reporter-output>
          </reporter-output>
        </test-method> <!-- testDriverArrayHasNationality -->
      </class> <!-- com.restapi.automation.ErgastAPIDriverTests -->
    </test> <!-- Default test -->
  </suite> <!-- Default suite -->
</testng-results>
