<?xml version="1.0" encoding="UTF-8"?>
<!-- Generated by org.testng.reporters.JUnitXMLReporter -->
<testsuite hostname="gv-B450M-DS3H" ignored="1" name="APITests" tests="7" failures="0" timestamp="30 Jul 2019 17:16:33 GMT" time="5.397" errors="0">
  <testcase name="testSeasonsResponse" time="1.501" classname="com.restapi.automation.ErgastAPITests"/>
  <testcase name="testSeasonsPartialResponse" time="0.63" classname="com.restapi.automation.ErgastAPITests"/>
  <testcase name="testSeasons" time="0.356" classname="com.restapi.automation.ErgastAPITests"/>
  <testcase name="testDrivers" time="1.195" classname="com.restapi.automation.ErgastAPITests"/>
  <testcase name="testDriverNationality" time="0.492" classname="com.restapi.automation.ErgastAPITests"/>
  <testcase name="testDriverArrayHasNationality" time="0.556" classname="com.restapi.automation.ErgastAPITests"/>
  <testcase name="test_ScenarioRetrieveFirstCircuitFor2017SeasonAndGetCountry_ShouldBeAustralia" time="0.628" classname="com.restapi.automation.ErgastAPITests"/>
  <testcase name="paramsTest" time="0.0" classname="com.restapi.automation.ErgastAPITests">
    <ignored/>
  </testcase> <!-- paramsTest -->
</testsuite> <!-- APITests -->
