<?xml version="1.0" encoding="UTF-8"?>
<!-- Generated by org.testng.reporters.JUnitXMLReporter -->
<testsuite hostname="gv-B450M-DS3H" ignored="1" name="UI-Test-Regression" tests="1" failures="0" timestamp="15 Aug 2019 16:15:02 GMT" time="11.049" errors="0">
  <testcase name="sliderRangeTest" time="4.185" classname="com.ui.automation.HorizontalSliderTest"/>
  <testcase name="logInTest" time="0.0" classname="com.ui.automation.LogInTest">
    <ignored/>
  </testcase> <!-- logInTest -->
</testsuite> <!-- UI-Test-Regression -->
