<?xml version="1.0" encoding="UTF-8"?>
<!-- Generated by org.testng.reporters.JUnitXMLReporter -->
<testsuite hostname="SIRIPAVAN" name="Default test" tests="4" failures="0" timestamp="29 Dec 2016 06:42:54 GMT" time="13.784" errors="0">
  <testcase name="test1" time="0.029" classname="src.test.java.TestYouTubeVideos"/>
  <testcase name="test2" time="0.012" classname="src.test.java.TestYouTubeVideos"/>
  <testcase name="test4" time="0.015" classname="src.test.java.TestYouTubeVideos"/>
  <testcase name="test3" time="0.004" classname="src.test.java.TestYouTubeVideos"/>
</testsuite> <!-- Default test -->
